<?xml version="1.0" encoding="UTF-8"?>
<!-- Generated by org.testng.reporters.JUnitReportReporter -->
<testsuite skipped="0" hostname="Mahesh" name="automation.maven.uploadTest" tests="1" failures="0" timestamp="26 Jun 2018 17:09:54 GMT" time="30.289" errors="0">
  <testcase name="upload" time="30.289" classname="automation.maven.uploadTest"/>
</testsuite> <!-- automation.maven.uploadTest -->
