<?xml version="1.0" encoding="UTF-8"?>
<!-- Generated by org.testng.reporters.JUnitReportReporter -->
<testsuite skipped="0" hostname="Mahesh" name="automation.maven.MaventestgroupTest" tests="2" failures="0" timestamp="22 Jun 2018 09:48:45 GMT" time="0.027" errors="0">
  <testcase name="f" time="0.021" classname="automation.maven.MaventestgroupTest"/>
  <testcase name="g" time="0.006" classname="automation.maven.MaventestgroupTest"/>
</testsuite> <!-- automation.maven.MaventestgroupTest -->
