<?xml version="1.0" encoding="UTF-8"?>
<!-- Generated by org.testng.reporters.JUnitReportReporter -->
<testsuite skipped="0" hostname="Mahesh" name="sampleTest" tests="1" failures="0" timestamp="23 Jun 2018 10:00:38 GMT" time="0.000" errors="0">
  <testcase name="f" time="0.000" classname="sampleTest"/>
</testsuite> <!-- sampleTest -->
